<?xml version="1.0" encoding="UTF-8"?>
<testsuite name="edu.cmu.mis.iccfb.QuoteApplicationTests" tests="1" skipped="0" failures="0" errors="0" timestamp="2017-02-09T19:08:55" hostname="ShumatoMBP.wv.cc.cmu.edu" time="0.018">
  <properties/>
  <testcase name="contextLoads" classname="edu.cmu.mis.iccfb.QuoteApplicationTests" time="0.018"/>
  <system-out><![CDATA[14:08:50.541 [Test worker] DEBUG org.springframework.test.context.junit4.SpringJUnit4ClassRunner - SpringJUnit4ClassRunner constructor called with [class edu.cmu.mis.iccfb.QuoteApplicationTests]
14:08:50.545 [Test worker] DEBUG org.springframework.test.context.BootstrapUtils - Instantiating CacheAwareContextLoaderDelegate from class [org.springframework.test.context.cache.DefaultCacheAwareContextLoaderDelegate]
14:08:50.552 [Test worker] DEBUG org.springframework.test.context.BootstrapUtils - Instantiating BootstrapContext using constructor [public org.springframework.test.context.support.DefaultBootstrapContext(java.lang.Class,org.springframework.test.context.CacheAwareContextLoaderDelegate)]
14:08:50.568 [Test worker] DEBUG org.springframework.test.context.BootstrapUtils - Instantiating TestContextBootstrapper for test class [edu.cmu.mis.iccfb.QuoteApplicationTests] from class [org.springframework.boot.test.context.SpringBootTestContextBootstrapper]
14:08:50.582 [Test worker] INFO org.springframework.boot.test.context.SpringBootTestContextBootstrapper - Neither @ContextConfiguration nor @ContextHierarchy found for test class [edu.cmu.mis.iccfb.QuoteApplicationTests], using SpringBootContextLoader
14:08:50.587 [Test worker] DEBUG org.springframework.test.context.support.AbstractContextLoader - Did not detect default resource location for test class [edu.cmu.mis.iccfb.QuoteApplicationTests]: class path resource [edu/cmu/mis/iccfb/QuoteApplicationTests-context.xml] does not exist
14:08:50.587 [Test worker] DEBUG org.springframework.test.context.support.AbstractContextLoader - Did not detect default resource location for test class [edu.cmu.mis.iccfb.QuoteApplicationTests]: class path resource [edu/cmu/mis/iccfb/QuoteApplicationTestsContext.groovy] does not exist
14:08:50.587 [Test worker] INFO org.springframework.test.context.support.AbstractContextLoader - Could not detect default resource locations for test class [edu.cmu.mis.iccfb.QuoteApplicationTests]: no resource found for suffixes {-context.xml, Context.groovy}.
14:08:50.588 [Test worker] INFO org.springframework.test.context.support.AnnotationConfigContextLoaderUtils - Could not detect default configuration classes for test class [edu.cmu.mis.iccfb.QuoteApplicationTests]: QuoteApplicationTests does not declare any static, non-private, non-final, nested classes annotated with @Configuration.
14:08:50.632 [Test worker] DEBUG org.springframework.test.context.support.ActiveProfilesUtils - Could not find an 'annotation declaring class' for annotation type [org.springframework.test.context.ActiveProfiles] and class [edu.cmu.mis.iccfb.QuoteApplicationTests]
14:08:50.676 [Test worker] DEBUG org.springframework.core.env.StandardEnvironment - Adding [systemProperties] PropertySource with lowest search precedence
14:08:50.677 [Test worker] DEBUG org.springframework.core.env.StandardEnvironment - Adding [systemEnvironment] PropertySource with lowest search precedence
14:08:50.678 [Test worker] DEBUG org.springframework.core.env.StandardEnvironment - Initialized StandardEnvironment with PropertySources [systemProperties,systemEnvironment]
14:08:50.686 [Test worker] DEBUG org.springframework.core.io.support.PathMatchingResourcePatternResolver - Resolved classpath location [edu/cmu/mis/iccfb/] to resources [URL [file:/Users/shuwang/Documents/95887-HW2/build/classes/test/edu/cmu/mis/iccfb/], URL [file:/Users/shuwang/Documents/95887-HW2/build/classes/main/edu/cmu/mis/iccfb/]]
14:08:50.686 [Test worker] DEBUG org.springframework.core.io.support.PathMatchingResourcePatternResolver - Looking for matching resources in directory tree [/Users/shuwang/Documents/95887-HW2/build/classes/test/edu/cmu/mis/iccfb]
14:08:50.686 [Test worker] DEBUG org.springframework.core.io.support.PathMatchingResourcePatternResolver - Searching directory [/Users/shuwang/Documents/95887-HW2/build/classes/test/edu/cmu/mis/iccfb] for files matching pattern [/Users/shuwang/Documents/95887-HW2/build/classes/test/edu/cmu/mis/iccfb/*.class]
14:08:50.689 [Test worker] DEBUG org.springframework.core.io.support.PathMatchingResourcePatternResolver - Looking for matching resources in directory tree [/Users/shuwang/Documents/95887-HW2/build/classes/main/edu/cmu/mis/iccfb]
14:08:50.689 [Test worker] DEBUG org.springframework.core.io.support.PathMatchingResourcePatternResolver - Searching directory [/Users/shuwang/Documents/95887-HW2/build/classes/main/edu/cmu/mis/iccfb] for files matching pattern [/Users/shuwang/Documents/95887-HW2/build/classes/main/edu/cmu/mis/iccfb/*.class]
14:08:50.690 [Test worker] DEBUG org.springframework.core.io.support.PathMatchingResourcePatternResolver - Resolved location pattern [classpath*:edu/cmu/mis/iccfb/*.class] to resources [file [/Users/shuwang/Documents/95887-HW2/build/classes/test/edu/cmu/mis/iccfb/QuoteApplicationTests.class], file [/Users/shuwang/Documents/95887-HW2/build/classes/main/edu/cmu/mis/iccfb/QuoteApplication.class], file [/Users/shuwang/Documents/95887-HW2/build/classes/main/edu/cmu/mis/iccfb/SeedData.class]]
14:08:50.730 [Test worker] DEBUG org.springframework.context.annotation.ClassPathScanningCandidateComponentProvider - Identified candidate component class: file [/Users/shuwang/Documents/95887-HW2/build/classes/main/edu/cmu/mis/iccfb/QuoteApplication.class]
14:08:50.733 [Test worker] INFO org.springframework.boot.test.context.SpringBootTestContextBootstrapper - Found @SpringBootConfiguration edu.cmu.mis.iccfb.QuoteApplication for test class edu.cmu.mis.iccfb.QuoteApplicationTests
14:08:50.737 [Test worker] DEBUG org.springframework.boot.test.context.SpringBootTestContextBootstrapper - @TestExecutionListeners is not present for class [edu.cmu.mis.iccfb.QuoteApplicationTests]: using defaults.
14:08:50.740 [Test worker] INFO org.springframework.boot.test.context.SpringBootTestContextBootstrapper - Loaded default TestExecutionListener class names from location [META-INF/spring.factories]: [org.springframework.boot.test.mock.mockito.MockitoTestExecutionListener, org.springframework.boot.test.mock.mockito.ResetMocksTestExecutionListener, org.springframework.boot.test.autoconfigure.restdocs.RestDocsTestExecutionListener, org.springframework.boot.test.autoconfigure.web.client.MockRestServiceServerResetTestExecutionListener, org.springframework.boot.test.autoconfigure.web.servlet.MockMvcPrintOnlyOnFailureTestExecutionListener, org.springframework.boot.test.autoconfigure.web.servlet.WebDriverTestExecutionListener, org.springframework.test.context.web.ServletTestExecutionListener, org.springframework.test.context.support.DirtiesContextBeforeModesTestExecutionListener, org.springframework.test.context.support.DependencyInjectionTestExecutionListener, org.springframework.test.context.support.DirtiesContextTestExecutionListener, org.springframework.test.context.transaction.TransactionalTestExecutionListener, org.springframework.test.context.jdbc.SqlScriptsTestExecutionListener]
14:08:50.760 [Test worker] INFO org.springframework.boot.test.context.SpringBootTestContextBootstrapper - Using TestExecutionListeners: [org.springframework.test.context.web.ServletTestExecutionListener@1acb2f72, org.springframework.test.context.support.DirtiesContextBeforeModesTestExecutionListener@5e015438, org.springframework.boot.test.autoconfigure.SpringBootDependencyInjectionTestExecutionListener@170f4b5d, org.springframework.test.context.support.DirtiesContextTestExecutionListener@1c2bf4b9, org.springframework.test.context.transaction.TransactionalTestExecutionListener@5fd8e8f1, org.springframework.test.context.jdbc.SqlScriptsTestExecutionListener@b2cc7a6, org.springframework.boot.test.autoconfigure.web.servlet.MockMvcPrintOnlyOnFailureTestExecutionListener@6694203d, org.springframework.boot.test.autoconfigure.web.servlet.WebDriverTestExecutionListener@25d99e6a, org.springframework.boot.test.mock.mockito.MockitoTestExecutionListener@3d5e7540, org.springframework.boot.test.autoconfigure.restdocs.RestDocsTestExecutionListener@50a284ba, org.springframework.boot.test.mock.mockito.ResetMocksTestExecutionListener@17f0d35b, org.springframework.boot.test.autoconfigure.web.client.MockRestServiceServerResetTestExecutionListener@7eb32501]
14:08:50.763 [Test worker] DEBUG org.springframework.test.annotation.ProfileValueUtils - Retrieved @ProfileValueSourceConfiguration [null] for test class [edu.cmu.mis.iccfb.QuoteApplicationTests]
14:08:50.763 [Test worker] DEBUG org.springframework.test.annotation.ProfileValueUtils - Retrieved ProfileValueSource type [class org.springframework.test.annotation.SystemProfileValueSource] for class [edu.cmu.mis.iccfb.QuoteApplicationTests]
14:08:50.764 [Test worker] DEBUG org.springframework.test.annotation.ProfileValueUtils - Retrieved @ProfileValueSourceConfiguration [null] for test class [edu.cmu.mis.iccfb.QuoteApplicationTests]
14:08:50.764 [Test worker] DEBUG org.springframework.test.annotation.ProfileValueUtils - Retrieved ProfileValueSource type [class org.springframework.test.annotation.SystemProfileValueSource] for class [edu.cmu.mis.iccfb.QuoteApplicationTests]
14:08:50.768 [Test worker] DEBUG org.springframework.test.context.support.AbstractDirtiesContextTestExecutionListener - Before test class: context [DefaultTestContext@273c7574 testClass = QuoteApplicationTests, testInstance = [null], testMethod = [null], testException = [null], mergedContextConfiguration = [WebMergedContextConfiguration@1070080d testClass = QuoteApplicationTests, locations = '{}', classes = '{class edu.cmu.mis.iccfb.QuoteApplication}', contextInitializerClasses = '[]', activeProfiles = '{}', propertySourceLocations = '{}', propertySourceProperties = '{org.springframework.boot.test.context.SpringBootTestContextBootstrapper=true}', contextCustomizers = set[org.springframework.boot.test.context.SpringBootTestContextCustomizer@1d5720a4, org.springframework.boot.test.context.filter.ExcludeFilterContextCustomizer@662279cc, org.springframework.boot.test.mock.mockito.MockitoContextCustomizer@0, org.springframework.boot.test.autoconfigure.properties.PropertyMappingContextCustomizer@0, org.springframework.boot.test.autoconfigure.web.servlet.WebDriverContextCustomizerFactory$Customizer@19f6451c], resourceBasePath = 'src/main/webapp', contextLoader = 'org.springframework.boot.test.context.SpringBootContextLoader', parent = [null]]], class annotated with @DirtiesContext [false] with mode [null].
14:08:50.769 [Test worker] DEBUG org.springframework.test.annotation.ProfileValueUtils - Retrieved @ProfileValueSourceConfiguration [null] for test class [edu.cmu.mis.iccfb.QuoteApplicationTests]
14:08:50.769 [Test worker] DEBUG org.springframework.test.annotation.ProfileValueUtils - Retrieved ProfileValueSource type [class org.springframework.test.annotation.SystemProfileValueSource] for class [edu.cmu.mis.iccfb.QuoteApplicationTests]
14:08:50.793 [Test worker] DEBUG org.springframework.core.env.StandardEnvironment - Adding [systemProperties] PropertySource with lowest search precedence
14:08:50.793 [Test worker] DEBUG org.springframework.core.env.StandardEnvironment - Adding [systemEnvironment] PropertySource with lowest search precedence
14:08:50.793 [Test worker] DEBUG org.springframework.core.env.StandardEnvironment - Initialized StandardEnvironment with PropertySources [systemProperties,systemEnvironment]
14:08:50.795 [Test worker] DEBUG org.springframework.test.context.support.TestPropertySourceUtils - Adding inlined properties to environment: {spring.jmx.enabled=false, org.springframework.boot.test.context.SpringBootTestContextBootstrapper=true, server.port=-1}
14:08:50.795 [Test worker] DEBUG org.springframework.core.env.StandardEnvironment - Adding [Inlined Test Properties] PropertySource with highest search precedence

  .   ____          _            __ _ _
 /\\ / ___'_ __ _ _(_)_ __  __ _ \ \ \ \
( ( )\___ | '_ | '_| | '_ \/ _` | \ \ \ \
 \\/  ___)| |_)| | | | | || (_| |  ) ) ) )
  '  |____| .__|_| |_|_| |_\__, | / / / /
 =========|_|==============|___/=/_/_/_/
 :: Spring Boot ::        (v1.4.2.RELEASE)

2017-02-09 14:08:51.156  INFO 8919 --- [    Test worker] edu.cmu.mis.iccfb.QuoteApplicationTests  : Starting QuoteApplicationTests on ShumatoMBP.wv.cc.cmu.edu with PID 8919 (started by shuwang in /Users/shuwang/Documents/95887-HW2)
2017-02-09 14:08:51.157  INFO 8919 --- [    Test worker] edu.cmu.mis.iccfb.QuoteApplicationTests  : No active profile set, falling back to default profiles: default
2017-02-09 14:08:51.203  INFO 8919 --- [    Test worker] o.s.w.c.s.GenericWebApplicationContext   : Refreshing org.springframework.web.context.support.GenericWebApplicationContext@4b14c5e3: startup date [Thu Feb 09 14:08:51 EST 2017]; root of context hierarchy
2017-02-09 14:08:52.698  INFO 8919 --- [    Test worker] trationDelegate$BeanPostProcessorChecker : Bean 'org.springframework.transaction.annotation.ProxyTransactionManagementConfiguration' of type [class org.springframework.transaction.annotation.ProxyTransactionManagementConfiguration$$EnhancerBySpringCGLIB$$6cfe6d42] is not eligible for getting processed by all BeanPostProcessors (for example: not eligible for auto-proxying)
2017-02-09 14:08:53.258  INFO 8919 --- [    Test worker] j.LocalContainerEntityManagerFactoryBean : Building JPA container EntityManagerFactory for persistence unit 'default'
2017-02-09 14:08:53.281  INFO 8919 --- [    Test worker] o.hibernate.jpa.internal.util.LogHelper  : HHH000204: Processing PersistenceUnitInfo [
	name: default
	...]
2017-02-09 14:08:53.357  INFO 8919 --- [    Test worker] org.hibernate.Version                    : HHH000412: Hibernate Core {5.0.11.Final}
2017-02-09 14:08:53.359  INFO 8919 --- [    Test worker] org.hibernate.cfg.Environment            : HHH000206: hibernate.properties not found
2017-02-09 14:08:53.361  INFO 8919 --- [    Test worker] org.hibernate.cfg.Environment            : HHH000021: Bytecode provider name : javassist
2017-02-09 14:08:53.402  INFO 8919 --- [    Test worker] o.hibernate.annotations.common.Version   : HCANN000001: Hibernate Commons Annotations {5.0.1.Final}
2017-02-09 14:08:53.538  INFO 8919 --- [    Test worker] org.hibernate.dialect.Dialect            : HHH000400: Using dialect: org.hibernate.dialect.H2Dialect
2017-02-09 14:08:54.131  INFO 8919 --- [    Test worker] org.hibernate.tool.hbm2ddl.SchemaExport  : HHH000227: Running hbm2ddl schema export
2017-02-09 14:08:54.151  INFO 8919 --- [    Test worker] org.hibernate.tool.hbm2ddl.SchemaExport  : HHH000230: Schema export complete
2017-02-09 14:08:54.192  INFO 8919 --- [    Test worker] j.LocalContainerEntityManagerFactoryBean : Initialized JPA EntityManagerFactory for persistence unit 'default'
2017-02-09 14:08:54.512  INFO 8919 --- [    Test worker] edu.cmu.mis.iccfb.SeedData               : Quoates found with findAll():
2017-02-09 14:08:54.512  INFO 8919 --- [    Test worker] edu.cmu.mis.iccfb.SeedData               : -------------------------------
2017-02-09 14:08:54.523  INFO 8919 --- [    Test worker] o.h.h.i.QueryTranslatorFactoryInitiator  : HHH000397: Using ASTQueryTranslatorFactory
2017-02-09 14:08:54.636  INFO 8919 --- [    Test worker] edu.cmu.mis.iccfb.SeedData               : Quote[id=1, text='The world is a thing of utter inordinate complexity and richness and strangeness that is absolutely awesome', by='Douglas Adams']
2017-02-09 14:08:54.636  INFO 8919 --- [    Test worker] edu.cmu.mis.iccfb.SeedData               : Quote[id=2, text='As rain breaks through an ill-thatched house, passion will break through an unreflecting mind.', by='Gautama Buddha']
2017-02-09 14:08:54.636  INFO 8919 --- [    Test worker] edu.cmu.mis.iccfb.SeedData               : Quote[id=3, text='I think that only daring speculation can lead us further and not accumulation of facts.', by='Albert Einstein']
2017-02-09 14:08:54.636  INFO 8919 --- [    Test worker] edu.cmu.mis.iccfb.SeedData               : Quote[id=4, text='TEST TEXT', by='Douglas Adams']
2017-02-09 14:08:55.170  INFO 8919 --- [    Test worker] s.w.s.m.m.a.RequestMappingHandlerAdapter : Looking for @ControllerAdvice: org.springframework.web.context.support.GenericWebApplicationContext@4b14c5e3: startup date [Thu Feb 09 14:08:51 EST 2017]; root of context hierarchy
2017-02-09 14:08:55.266  INFO 8919 --- [    Test worker] s.w.s.m.m.a.RequestMappingHandlerMapping : Mapped "{[/api/quote/list]}" onto public edu.cmu.mis.iccfb.model.Quote[] edu.cmu.mis.iccfb.controller.QuoteController.list(java.lang.String)
2017-02-09 14:08:55.267  INFO 8919 --- [    Test worker] s.w.s.m.m.a.RequestMappingHandlerMapping : Mapped "{[/api/quote/random]}" onto public edu.cmu.mis.iccfb.model.Quote edu.cmu.mis.iccfb.controller.QuoteController.random()
2017-02-09 14:08:55.267  INFO 8919 --- [    Test worker] s.w.s.m.m.a.RequestMappingHandlerMapping : Mapped "{[/api/quote],methods=[POST]}" onto public void edu.cmu.mis.iccfb.controller.QuoteController.saveQuote(edu.cmu.mis.iccfb.model.Quote)
2017-02-09 14:08:55.270  INFO 8919 --- [    Test worker] s.w.s.m.m.a.RequestMappingHandlerMapping : Mapped "{[/error]}" onto public org.springframework.http.ResponseEntity<java.util.Map<java.lang.String, java.lang.Object>> org.springframework.boot.autoconfigure.web.BasicErrorController.error(javax.servlet.http.HttpServletRequest)
2017-02-09 14:08:55.270  INFO 8919 --- [    Test worker] s.w.s.m.m.a.RequestMappingHandlerMapping : Mapped "{[/error],produces=[text/html]}" onto public org.springframework.web.servlet.ModelAndView org.springframework.boot.autoconfigure.web.BasicErrorController.errorHtml(javax.servlet.http.HttpServletRequest,javax.servlet.http.HttpServletResponse)
2017-02-09 14:08:55.309  INFO 8919 --- [    Test worker] o.s.w.s.handler.SimpleUrlHandlerMapping  : Mapped URL path [/webjars/**] onto handler of type [class org.springframework.web.servlet.resource.ResourceHttpRequestHandler]
2017-02-09 14:08:55.309  INFO 8919 --- [    Test worker] o.s.w.s.handler.SimpleUrlHandlerMapping  : Mapped URL path [/**] onto handler of type [class org.springframework.web.servlet.resource.ResourceHttpRequestHandler]
2017-02-09 14:08:55.362  INFO 8919 --- [    Test worker] o.s.w.s.handler.SimpleUrlHandlerMapping  : Mapped URL path [/**/favicon.ico] onto handler of type [class org.springframework.web.servlet.resource.ResourceHttpRequestHandler]
2017-02-09 14:08:55.396  INFO 8919 --- [    Test worker] oConfiguration$WelcomePageHandlerMapping : Adding welcome page: ServletContext resource [/index.html]
2017-02-09 14:08:55.681  INFO 8919 --- [    Test worker] edu.cmu.mis.iccfb.QuoteApplicationTests  : Started QuoteApplicationTests in 4.875 seconds (JVM running for 5.77)
]]></system-out>
  <system-err><![CDATA[]]></system-err>
</testsuite>
